<?xml version="1.0" encoding="UTF-8"?>
<!-- Generated by org.testng.reporters.JUnitReportReporter -->
<testsuite skipped="0" hostname="WKWIN7870043" name="crud.PostPutDelete" tests="2" failures="0" timestamp="2020-03-17T01:17:09 IST" time="3.670" errors="0">
  <testcase name="test1" time="3.668" classname="crud.PostPutDelete"/>
  <system-out/>
  <testcase name="testPost" time="0.002" classname="crud.PostPutDelete"/>
  <system-out/>
</testsuite> <!-- crud.PostPutDelete -->
